<?xml version="1.0" encoding="UTF-8"?>
<testsuite name="MinesweeperTest" tests="1" skipped="0" failures="0" errors="0" timestamp="2021-11-02T21:55:44" hostname="LAPTOP-BTRCTU8V" time="3.392">
  <properties/>
  <testcase name="start" classname="MinesweeperTest" time="3.392"/>
  <system-out><![CDATA[?[1;31m
Start test 1?[0m
How many mines do you want on the field?> 1
-|123456789|
-|---------|
1|.........|
2|.........|
3|.........|
4|.........|
5|.........|
6|.........|
7|.........|
8|.........|
9|.........|
-|---------|

Set/unset mines marks or claim a cell as free:> 2 5 free
-|123456789|
-|---------|
1|.1///////|
2|11///////|
3|/////////|
4|/////////|
5|/////////|
6|/////////|
7|/////////|
8|/////////|
9|/////////|
-|---------|

Congratulations! You found all the mines!
?[1;31m
Start test 2?[0m
How many mines do you want on the field?> 1
-|123456789|
-|---------|
1|.........|
2|.........|
3|.........|
4|.........|
5|.........|
6|.........|
7|.........|
8|.........|
9|.........|
-|---------|

Set/unset mines marks or claim a cell as free:> 7 7 free
-|123456789|
-|---------|
1|/////1.1/|
2|/////111/|
3|/////////|
4|/////////|
5|/////////|
6|/////////|
7|/////////|
8|/////////|
9|/////////|
-|---------|

Congratulations! You found all the mines!
?[1;31m
Start test 3?[0m
How many mines do you want on the field?> 1
-|123456789|
-|---------|
1|.........|
2|.........|
3|.........|
4|.........|
5|.........|
6|.........|
7|.........|
8|.........|
9|.........|
-|---------|

Set/unset mines marks or claim a cell as free:> 6 2 free
-|123456789|
-|---------|
1|.1///////|
2|11///////|
3|/////////|
4|/////////|
5|/////////|
6|/////////|
7|/////////|
8|/////////|
9|/////////|
-|---------|

Congratulations! You found all the mines!
?[1;31m
Start test 4?[0m
How many mines do you want on the field?> 1
-|123456789|
-|---------|
1|.........|
2|.........|
3|.........|
4|.........|
5|.........|
6|.........|
7|.........|
8|.........|
9|.........|
-|---------|

Set/unset mines marks or claim a cell as free:> 1 5 free
-|123456789|
-|---------|
1|1.1//////|
2|111//////|
3|/////////|
4|/////////|
5|/////////|
6|/////////|
7|/////////|
8|/////////|
9|/////////|
-|---------|

Congratulations! You found all the mines!
?[1;31m
Start test 5?[0m
How many mines do you want on the field?> 1
-|123456789|
-|---------|
1|.........|
2|.........|
3|.........|
4|.........|
5|.........|
6|.........|
7|.........|
8|.........|
9|.........|
-|---------|

Set/unset mines marks or claim a cell as free:> 7 8 mine
-|123456789|
-|---------|
1|.........|
2|.........|
3|.........|
4|.........|
5|.........|
6|.........|
7|.........|
8|......*..|
9|.........|
-|---------|

Set/unset mines marks or claim a cell as free:> 7 8 mine
-|123456789|
-|---------|
1|.........|
2|.........|
3|.........|
4|.........|
5|.........|
6|.........|
7|.........|
8|.........|
9|.........|
-|---------|

Set/unset mines marks or claim a cell as free:> 1 7 free
-|123456789|
-|---------|
1|1.1//////|
2|111//////|
3|/////////|
4|/////////|
5|/////////|
6|/////////|
7|/////////|
8|/////////|
9|/////////|
-|---------|

Congratulations! You found all the mines!
?[1;31m
Start test 6?[0m
How many mines do you want on the field?> 1
-|123456789|
-|---------|
1|.........|
2|.........|
3|.........|
4|.........|
5|.........|
6|.........|
7|.........|
8|.........|
9|.........|
-|---------|

Set/unset mines marks or claim a cell as free:> 4 4 mine
-|123456789|
-|---------|
1|.........|
2|.........|
3|.........|
4|...*.....|
5|.........|
6|.........|
7|.........|
8|.........|
9|.........|
-|---------|

Set/unset mines marks or claim a cell as free:> 5 5 free
-|123456789|
-|---------|
1|.1///////|
2|11///////|
3|/////////|
4|/////////|
5|/////////|
6|/////////|
7|/////////|
8|/////////|
9|/////////|
-|---------|

Congratulations! You found all the mines!
?[1;31m
Start test 7?[0m
How many mines do you want on the field?> 1
-|123456789|
-|---------|
1|.........|
2|.........|
3|.........|
4|.........|
5|.........|
6|.........|
7|.........|
8|.........|
9|.........|
-|---------|

Set/unset mines marks or claim a cell as free:> 3 5 free
-|123456789|
-|---------|
1|.1///////|
2|11///////|
3|/////////|
4|/////////|
5|/////////|
6|/////////|
7|/////////|
8|/////////|
9|/////////|
-|---------|

Congratulations! You found all the mines!
?[1;31m
Start test 8?[0m
How many mines do you want on the field?> 1
-|123456789|
-|---------|
1|.........|
2|.........|
3|.........|
4|.........|
5|.........|
6|.........|
7|.........|
8|.........|
9|.........|
-|---------|

Set/unset mines marks or claim a cell as free:> 4 6 free
-|123456789|
-|---------|
1|//1.1////|
2|//111////|
3|/////////|
4|/////////|
5|/////////|
6|/////////|
7|/////////|
8|/////////|
9|/////////|
-|---------|

Congratulations! You found all the mines!
?[1;31m
Start test 9?[0m
How many mines do you want on the field?> 1
-|123456789|
-|---------|
1|.........|
2|.........|
3|.........|
4|.........|
5|.........|
6|.........|
7|.........|
8|.........|
9|.........|
-|---------|

Set/unset mines marks or claim a cell as free:> 8 6 free
-|123456789|
-|---------|
1|.1///////|
2|11///////|
3|/////////|
4|/////////|
5|/////////|
6|/////////|
7|/////////|
8|/////////|
9|/////////|
-|---------|

Congratulations! You found all the mines!
?[1;31m
Start test 10?[0m
How many mines do you want on the field?> 1
-|123456789|
-|---------|
1|.........|
2|.........|
3|.........|
4|.........|
5|.........|
6|.........|
7|.........|
8|.........|
9|.........|
-|---------|

Set/unset mines marks or claim a cell as free:> 4 6 free
-|123456789|
-|---------|
1|//1.1////|
2|//111////|
3|/////////|
4|/////////|
5|/////////|
6|/////////|
7|/////////|
8|/////////|
9|/////////|
-|---------|

Congratulations! You found all the mines!
?[1;31m
Start test 11?[0m
How many mines do you want on the field?> 1
-|123456789|
-|---------|
1|.........|
2|.........|
3|.........|
4|.........|
5|.........|
6|.........|
7|.........|
8|.........|
9|.........|
-|---------|

Set/unset mines marks or claim a cell as free:> 9 5 free
-|123456789|
-|---------|
1|.1///////|
2|11///////|
3|/////////|
4|/////////|
5|/////////|
6|/////////|
7|/////////|
8|/////////|
9|/////////|
-|---------|

Congratulations! You found all the mines!
?[1;31m
Start test 12?[0m
How many mines do you want on the field?> 1
-|123456789|
-|---------|
1|.........|
2|.........|
3|.........|
4|.........|
5|.........|
6|.........|
7|.........|
8|.........|
9|.........|
-|---------|

Set/unset mines marks or claim a cell as free:> 2 8 mine
-|123456789|
-|---------|
1|.........|
2|.........|
3|.........|
4|.........|
5|.........|
6|.........|
7|.........|
8|.*.......|
9|.........|
-|---------|

Set/unset mines marks or claim a cell as free:> 8 8 mine
-|123456789|
-|---------|
1|.........|
2|.........|
3|.........|
4|.........|
5|.........|
6|.........|
7|.........|
8|.*.....*.|
9|.........|
-|---------|

Set/unset mines marks or claim a cell as free:> 8 8 mine
-|123456789|
-|---------|
1|.........|
2|.........|
3|.........|
4|.........|
5|.........|
6|.........|
7|.........|
8|.*.......|
9|.........|
-|---------|

Set/unset mines marks or claim a cell as free:> 3 4 free
-|123456789|
-|---------|
1|.1///////|
2|11///////|
3|/////////|
4|/////////|
5|/////////|
6|/////////|
7|/////////|
8|/////////|
9|/////////|
-|---------|

Congratulations! You found all the mines!
?[1;31m
Start test 13?[0m
How many mines do you want on the field?> 1
-|123456789|
-|---------|
1|.........|
2|.........|
3|.........|
4|.........|
5|.........|
6|.........|
7|.........|
8|.........|
9|.........|
-|---------|

Set/unset mines marks or claim a cell as free:> 5 8 free
-|123456789|
-|---------|
1|1.1//////|
2|111//////|
3|/////////|
4|/////////|
5|/////////|
6|/////////|
7|/////////|
8|/////////|
9|/////////|
-|---------|

Congratulations! You found all the mines!
?[1;31m
Start test 14?[0m
How many mines do you want on the field?> 1
-|123456789|
-|---------|
1|.........|
2|.........|
3|.........|
4|.........|
5|.........|
6|.........|
7|.........|
8|.........|
9|.........|
-|---------|

Set/unset mines marks or claim a cell as free:> 6 8 mine
-|123456789|
-|---------|
1|.........|
2|.........|
3|.........|
4|.........|
5|.........|
6|.........|
7|.........|
8|.....*...|
9|.........|
-|---------|

Set/unset mines marks or claim a cell as free:> 6 8 mine
-|123456789|
-|---------|
1|.........|
2|.........|
3|.........|
4|.........|
5|.........|
6|.........|
7|.........|
8|.........|
9|.........|
-|---------|

Set/unset mines marks or claim a cell as free:> 1 8 mine
-|123456789|
-|---------|
1|.........|
2|.........|
3|.........|
4|.........|
5|.........|
6|.........|
7|.........|
8|*........|
9|.........|
-|---------|

Set/unset mines marks or claim a cell as free:> 7 7 mine
-|123456789|
-|---------|
1|.........|
2|.........|
3|.........|
4|.........|
5|.........|
6|.........|
7|......*..|
8|*........|
9|.........|
-|---------|

Set/unset mines marks or claim a cell as free:> 2 7 free
-|123456789|
-|---------|
1|1.1//////|
2|111//////|
3|/////////|
4|/////////|
5|/////////|
6|/////////|
7|/////////|
8|/////////|
9|/////////|
-|---------|

Congratulations! You found all the mines!
?[1;31m
Start test 15?[0m
How many mines do you want on the field?> 1
-|123456789|
-|---------|
1|.........|
2|.........|
3|.........|
4|.........|
5|.........|
6|.........|
7|.........|
8|.........|
9|.........|
-|---------|

Set/unset mines marks or claim a cell as free:> 8 8 mine
-|123456789|
-|---------|
1|.........|
2|.........|
3|.........|
4|.........|
5|.........|
6|.........|
7|.........|
8|.......*.|
9|.........|
-|---------|

Set/unset mines marks or claim a cell as free:> 1 1 mine
-|123456789|
-|---------|
1|*........|
2|.........|
3|.........|
4|.........|
5|.........|
6|.........|
7|.........|
8|.......*.|
9|.........|
-|---------|

Set/unset mines marks or claim a cell as free:> 8 8 mine
-|123456789|
-|---------|
1|*........|
2|.........|
3|.........|
4|.........|
5|.........|
6|.........|
7|.........|
8|.........|
9|.........|
-|---------|

Set/unset mines marks or claim a cell as free:> 1 1 mine
-|123456789|
-|---------|
1|.........|
2|.........|
3|.........|
4|.........|
5|.........|
6|.........|
7|.........|
8|.........|
9|.........|
-|---------|

Set/unset mines marks or claim a cell as free:> 1 5 mine
-|123456789|
-|---------|
1|.........|
2|.........|
3|.........|
4|.........|
5|*........|
6|.........|
7|.........|
8|.........|
9|.........|
-|---------|

Set/unset mines marks or claim a cell as free:> 1 5 mine
-|123456789|
-|---------|
1|.........|
2|.........|
3|.........|
4|.........|
5|.........|
6|.........|
7|.........|
8|.........|
9|.........|
-|---------|

Set/unset mines marks or claim a cell as free:> 4 5 free
-|123456789|
-|---------|
1|1.1//////|
2|111//////|
3|/////////|
4|/////////|
5|/////////|
6|/////////|
7|/////////|
8|/////////|
9|/////////|
-|---------|

Congratulations! You found all the mines!
?[1;31m
Start test 16?[0m
How many mines do you want on the field?> 1
-|123456789|
-|---------|
1|.........|
2|.........|
3|.........|
4|.........|
5|.........|
6|.........|
7|.........|
8|.........|
9|.........|
-|---------|

Set/unset mines marks or claim a cell as free:> 1 4 free
-|123456789|
-|---------|
1|//////1.1|
2|//////111|
3|/////////|
4|/////////|
5|/////////|
6|/////////|
7|/////////|
8|/////////|
9|/////////|
-|---------|

Congratulations! You found all the mines!
?[1;31m
Start test 17?[0m
How many mines do you want on the field?> 1
-|123456789|
-|---------|
1|.........|
2|.........|
3|.........|
4|.........|
5|.........|
6|.........|
7|.........|
8|.........|
9|.........|
-|---------|

Set/unset mines marks or claim a cell as free:> 7 2 free
-|123456789|
-|---------|
1|.1///////|
2|11///////|
3|/////////|
4|/////////|
5|/////////|
6|/////////|
7|/////////|
8|/////////|
9|/////////|
-|---------|

Congratulations! You found all the mines!
?[1;31m
Start test 18?[0m
How many mines do you want on the field?> 1
-|123456789|
-|---------|
1|.........|
2|.........|
3|.........|
4|.........|
5|.........|
6|.........|
7|.........|
8|.........|
9|.........|
-|---------|

Set/unset mines marks or claim a cell as free:> 4 3 free
-|123456789|
-|---------|
1|/1.1/////|
2|/111/////|
3|/////////|
4|/////////|
5|/////////|
6|/////////|
7|/////////|
8|/////////|
9|/////////|
-|---------|

Congratulations! You found all the mines!
?[1;31m
Start test 19?[0m
How many mines do you want on the field?> 1
-|123456789|
-|---------|
1|.........|
2|.........|
3|.........|
4|.........|
5|.........|
6|.........|
7|.........|
8|.........|
9|.........|
-|---------|

Set/unset mines marks or claim a cell as free:> 5 7 free
-|123456789|
-|---------|
1|1.1//////|
2|111//////|
3|/////////|
4|/////////|
5|/////////|
6|/////////|
7|/////////|
8|/////////|
9|/////////|
-|---------|

Congratulations! You found all the mines!
?[1;31m
Start test 20?[0m
How many mines do you want on the field?> 1
-|123456789|
-|---------|
1|.........|
2|.........|
3|.........|
4|.........|
5|.........|
6|.........|
7|.........|
8|.........|
9|.........|
-|---------|

Set/unset mines marks or claim a cell as free:> 3 6 mine
-|123456789|
-|---------|
1|.........|
2|.........|
3|.........|
4|.........|
5|.........|
6|..*......|
7|.........|
8|.........|
9|.........|
-|---------|

Set/unset mines marks or claim a cell as free:> 7 3 free
-|123456789|
-|---------|
1|///1.1///|
2|///111///|
3|/////////|
4|/////////|
5|/////////|
6|/////////|
7|/////////|
8|/////////|
9|/////////|
-|---------|

Congratulations! You found all the mines!
?[1;31m
Start test 21?[0m
How many mines do you want on the field?> 2
-|123456789|
-|---------|
1|.........|
2|.........|
3|.........|
4|.........|
5|.........|
6|.........|
7|.........|
8|.........|
9|.........|
-|---------|

Set/unset mines marks or claim a cell as free:> 3 8 free
-|123456789|
-|---------|
1|11/////1.|
2|.1/////11|
3|11///////|
4|/////////|
5|/////////|
6|/////////|
7|/////////|
8|/////////|
9|/////////|
-|---------|

Congratulations! You found all the mines!
?[1;31m
Start test 22?[0m
How many mines do you want on the field?> 2
-|123456789|
-|---------|
1|.........|
2|.........|
3|.........|
4|.........|
5|.........|
6|.........|
7|.........|
8|.........|
9|.........|
-|---------|

Set/unset mines marks or claim a cell as free:> 1 6 free
-|123456789|
-|---------|
1|.2.1/////|
2|1211/////|
3|/////////|
4|/////////|
5|/////////|
6|/////////|
7|/////////|
8|/////////|
9|/////////|
-|---------|

Congratulations! You found all the mines!
?[1;31m
Start test 23?[0m
How many mines do you want on the field?> 2
-|123456789|
-|---------|
1|.........|
2|.........|
3|.........|
4|.........|
5|.........|
6|.........|
7|.........|
8|.........|
9|.........|
-|---------|

Set/unset mines marks or claim a cell as free:> 2 9 free
-|123456789|
-|---------|
1|/1.2.1///|
2|/11211///|
3|/////////|
4|/////////|
5|/////////|
6|/////////|
7|/////////|
8|/////////|
9|/////////|
-|---------|

Congratulations! You found all the mines!
?[1;31m
Start test 24?[0m
How many mines do you want on the field?> 2
-|123456789|
-|---------|
1|.........|
2|.........|
3|.........|
4|.........|
5|.........|
6|.........|
7|.........|
8|.........|
9|.........|
-|---------|

Set/unset mines marks or claim a cell as free:> 7 2 free
-|123456789|
-|---------|
1|.1//1.1//|
2|11//111//|
3|/////////|
4|/////////|
5|/////////|
6|/////////|
7|/////////|
8|/////////|
9|/////////|
-|---------|

Congratulations! You found all the mines!
?[1;31m
Start test 25?[0m
How many mines do you want on the field?> 2
-|123456789|
-|---------|
1|.........|
2|.........|
3|.........|
4|.........|
5|.........|
6|.........|
7|.........|
8|.........|
9|.........|
-|---------|

Set/unset mines marks or claim a cell as free:> 6 4 free
-|123456789|
-|---------|
1|//1..1///|
2|//1221///|
3|/////////|
4|/////////|
5|/////////|
6|/////////|
7|/////////|
8|/////////|
9|/////////|
-|---------|

Congratulations! You found all the mines!
?[1;31m
Start test 26?[0m
How many mines do you want on the field?> 2
-|123456789|
-|---------|
1|.........|
2|.........|
3|.........|
4|.........|
5|.........|
6|.........|
7|.........|
8|.........|
9|.........|
-|---------|

Set/unset mines marks or claim a cell as free:> 6 6 free
-|123456789|
-|---------|
1|.2.1/////|
2|1211/////|
3|/////////|
4|/////////|
5|/////////|
6|/////////|
7|/////////|
8|/////////|
9|/////////|
-|---------|

Congratulations! You found all the mines!
?[1;31m
Start test 27?[0m
How many mines do you want on the field?> 2
-|123456789|
-|---------|
1|.........|
2|.........|
3|.........|
4|.........|
5|.........|
6|.........|
7|.........|
8|.........|
9|.........|
-|---------|

Set/unset mines marks or claim a cell as free:> 4 7 mine
-|123456789|
-|---------|
1|.........|
2|.........|
3|.........|
4|.........|
5|.........|
6|.........|
7|...*.....|
8|.........|
9|.........|
-|---------|

Set/unset mines marks or claim a cell as free:> 7 2 mine
-|123456789|
-|---------|
1|.........|
2|......*..|
3|.........|
4|.........|
5|.........|
6|.........|
7|...*.....|
8|.........|
9|.........|
-|---------|

Set/unset mines marks or claim a cell as free:> 2 7 free
-|123456789|
-|---------|
1|/1..1////|
2|/1221////|
3|/////////|
4|/////////|
5|/////////|
6|/////////|
7|/////////|
8|/////////|
9|/////////|
-|---------|

Congratulations! You found all the mines!
?[1;31m
Start test 28?[0m
How many mines do you want on the field?> 2
-|123456789|
-|---------|
1|.........|
2|.........|
3|.........|
4|.........|
5|.........|
6|.........|
7|.........|
8|.........|
9|.........|
-|---------|

Set/unset mines marks or claim a cell as free:> 8 5 free
-|123456789|
-|---------|
1|//1221///|
2|//1..1///|
3|//1221///|
4|/////////|
5|/////////|
6|/////////|
7|/////////|
8|/////////|
9|/////////|
-|---------|

Congratulations! You found all the mines!
?[1;31m
Start test 29?[0m
How many mines do you want on the field?> 2
-|123456789|
-|---------|
1|.........|
2|.........|
3|.........|
4|.........|
5|.........|
6|.........|
7|.........|
8|.........|
9|.........|
-|---------|

Set/unset mines marks or claim a cell as free:> 1 6 free
-|123456789|
-|---------|
1|.2.1/////|
2|1211/////|
3|/////////|
4|/////////|
5|/////////|
6|/////////|
7|/////////|
8|/////////|
9|/////////|
-|---------|

Congratulations! You found all the mines!
?[1;31m
Start test 30?[0m
How many mines do you want on the field?> 2
-|123456789|
-|---------|
1|.........|
2|.........|
3|.........|
4|.........|
5|.........|
6|.........|
7|.........|
8|.........|
9|.........|
-|---------|

Set/unset mines marks or claim a cell as free:> 4 2 free
-|123456789|
-|---------|
1|.1/1.1///|
2|11/111///|
3|/////////|
4|/////////|
5|/////////|
6|/////////|
7|/////////|
8|/////////|
9|/////////|
-|---------|

Congratulations! You found all the mines!
?[1;31m
Start test 31?[0m
How many mines do you want on the field?> 2
-|123456789|
-|---------|
1|.........|
2|.........|
3|.........|
4|.........|
5|.........|
6|.........|
7|.........|
8|.........|
9|.........|
-|---------|

Set/unset mines marks or claim a cell as free:> 3 6 mine
-|123456789|
-|---------|
1|.........|
2|.........|
3|.........|
4|.........|
5|.........|
6|..*......|
7|.........|
8|.........|
9|.........|
-|---------|

Set/unset mines marks or claim a cell as free:> 6 9 free
-|123456789|
-|---------|
1|1.2.1////|
2|11211////|
3|/////////|
4|/////////|
5|/////////|
6|/////////|
7|/////////|
8|/////////|
9|/////////|
-|---------|

Congratulations! You found all the mines!
?[1;31m
Start test 32?[0m
How many mines do you want on the field?> 2
-|123456789|
-|---------|
1|.........|
2|.........|
3|.........|
4|.........|
5|.........|
6|.........|
7|.........|
8|.........|
9|.........|
-|---------|

Set/unset mines marks or claim a cell as free:> 9 6 free
-|123456789|
-|---------|
1|1.1//1.1/|
2|111//111/|
3|/////////|
4|/////////|
5|/////////|
6|/////////|
7|/////////|
8|/////////|
9|/////////|
-|---------|

Congratulations! You found all the mines!
?[1;31m
Start test 33?[0m
How many mines do you want on the field?> 2
-|123456789|
-|---------|
1|.........|
2|.........|
3|.........|
4|.........|
5|.........|
6|.........|
7|.........|
8|.........|
9|.........|
-|---------|

Set/unset mines marks or claim a cell as free:> 6 6 mine
-|123456789|
-|---------|
1|.........|
2|.........|
3|.........|
4|.........|
5|.........|
6|.....*...|
7|.........|
8|.........|
9|.........|
-|---------|

Set/unset mines marks or claim a cell as free:> 8 8 mine
-|123456789|
-|---------|
1|.........|
2|.........|
3|.........|
4|.........|
5|.........|
6|.....*...|
7|.........|
8|.......*.|
9|.........|
-|---------|

Set/unset mines marks or claim a cell as free:> 2 3 free
-|123456789|
-|---------|
1|///1..1//|
2|///1221//|
3|/////////|
4|/////////|
5|/////////|
6|/////////|
7|/////////|
8|/////////|
9|/////////|
-|---------|

Congratulations! You found all the mines!
?[1;31m
Start test 34?[0m
How many mines do you want on the field?> 2
-|123456789|
-|---------|
1|.........|
2|.........|
3|.........|
4|.........|
5|.........|
6|.........|
7|.........|
8|.........|
9|.........|
-|---------|

Set/unset mines marks or claim a cell as free:> 7 1 mine
-|123456789|
-|---------|
1|......*..|
2|.........|
3|.........|
4|.........|
5|.........|
6|.........|
7|.........|
8|.........|
9|.........|
-|---------|

Set/unset mines marks or claim a cell as free:> 2 2 mine
-|123456789|
-|---------|
1|......*..|
2|.*.......|
3|.........|
4|.........|
5|.........|
6|.........|
7|.........|
8|.........|
9|.........|
-|---------|

Set/unset mines marks or claim a cell as free:> 7 1 mine
-|123456789|
-|---------|
1|.........|
2|.*.......|
3|.........|
4|.........|
5|.........|
6|.........|
7|.........|
8|.........|
9|.........|
-|---------|

Set/unset mines marks or claim a cell as free:> 1 6 free
-|123456789|
-|---------|
1|.2.1/////|
2|1211/////|
3|/////////|
4|/////////|
5|/////////|
6|/////////|
7|/////////|
8|/////////|
9|/////////|
-|---------|

Congratulations! You found all the mines!
?[1;31m
Start test 35?[0m
How many mines do you want on the field?> 2
-|123456789|
-|---------|
1|.........|
2|.........|
3|.........|
4|.........|
5|.........|
6|.........|
7|.........|
8|.........|
9|.........|
-|---------|

Set/unset mines marks or claim a cell as free:> 8 7 mine
-|123456789|
-|---------|
1|.........|
2|.........|
3|.........|
4|.........|
5|.........|
6|.........|
7|.......*.|
8|.........|
9|.........|
-|---------|

Set/unset mines marks or claim a cell as free:> 1 5 free
-|123456789|
-|---------|
1|////1..1/|
2|////1221/|
3|/////////|
4|/////////|
5|/////////|
6|/////////|
7|/////////|
8|/////////|
9|/////////|
-|---------|

Congratulations! You found all the mines!
?[1;31m
Start test 36?[0m
How many mines do you want on the field?> 2
-|123456789|
-|---------|
1|.........|
2|.........|
3|.........|
4|.........|
5|.........|
6|.........|
7|.........|
8|.........|
9|.........|
-|---------|

Set/unset mines marks or claim a cell as free:> 9 8 mine
-|123456789|
-|---------|
1|.........|
2|.........|
3|.........|
4|.........|
5|.........|
6|.........|
7|.........|
8|........*|
9|.........|
-|---------|

Set/unset mines marks or claim a cell as free:> 9 8 mine
-|123456789|
-|---------|
1|.........|
2|.........|
3|.........|
4|.........|
5|.........|
6|.........|
7|.........|
8|.........|
9|.........|
-|---------|

Set/unset mines marks or claim a cell as free:> 6 9 free
-|123456789|
-|---------|
1|.11.1////|
2|11111////|
3|/////////|
4|/////////|
5|/////////|
6|/////////|
7|/////////|
8|/////////|
9|/////////|
-|---------|

Congratulations! You found all the mines!
?[1;31m
Start test 37?[0m
How many mines do you want on the field?> 2
-|123456789|
-|---------|
1|.........|
2|.........|
3|.........|
4|.........|
5|.........|
6|.........|
7|.........|
8|.........|
9|.........|
-|---------|

Set/unset mines marks or claim a cell as free:> 2 7 mine
-|123456789|
-|---------|
1|.........|
2|.........|
3|.........|
4|.........|
5|.........|
6|.........|
7|.*.......|
8|.........|
9|.........|
-|---------|

Set/unset mines marks or claim a cell as free:> 5 9 mine
-|123456789|
-|---------|
1|.........|
2|.........|
3|.........|
4|.........|
5|.........|
6|.........|
7|.*.......|
8|.........|
9|....*....|
-|---------|

Set/unset mines marks or claim a cell as free:> 7 4 mine
-|123456789|
-|---------|
1|.........|
2|.........|
3|.........|
4|......*..|
5|.........|
6|.........|
7|.*.......|
8|.........|
9|....*....|
-|---------|

Set/unset mines marks or claim a cell as free:> 5 2 free
-|123456789|
-|---------|
1|.1/1.1///|
2|11/111///|
3|/////////|
4|/////////|
5|/////////|
6|/////////|
7|/////////|
8|/////////|
9|/////////|
-|---------|

Congratulations! You found all the mines!
?[1;31m
Start test 38?[0m
How many mines do you want on the field?> 2
-|123456789|
-|---------|
1|.........|
2|.........|
3|.........|
4|.........|
5|.........|
6|.........|
7|.........|
8|.........|
9|.........|
-|---------|

Set/unset mines marks or claim a cell as free:> 9 6 free
-|123456789|
-|---------|
1|1.2.1////|
2|11211////|
3|/////////|
4|/////////|
5|/////////|
6|/////////|
7|/////////|
8|/////////|
9|/////////|
-|---------|

Congratulations! You found all the mines!
?[1;31m
Start test 39?[0m
How many mines do you want on the field?> 2
-|123456789|
-|---------|
1|.........|
2|.........|
3|.........|
4|.........|
5|.........|
6|.........|
7|.........|
8|.........|
9|.........|
-|---------|

Set/unset mines marks or claim a cell as free:> 8 7 mine
-|123456789|
-|---------|
1|.........|
2|.........|
3|.........|
4|.........|
5|.........|
6|.........|
7|.......*.|
8|.........|
9|.........|
-|---------|

Set/unset mines marks or claim a cell as free:> 2 4 mine
-|123456789|
-|---------|
1|.........|
2|.........|
3|.........|
4|.*.......|
5|.........|
6|.........|
7|.......*.|
8|.........|
9|.........|
-|---------|

Set/unset mines marks or claim a cell as free:> 4 2 free
-|123456789|
-|---------|
1|//1..1///|
2|//1221///|
3|/////////|
4|/////////|
5|/////////|
6|/////////|
7|/////////|
8|/////////|
9|/////////|
-|---------|

Congratulations! You found all the mines!
?[1;31m
Start test 40?[0m
How many mines do you want on the field?> 2
-|123456789|
-|---------|
1|.........|
2|.........|
3|.........|
4|.........|
5|.........|
6|.........|
7|.........|
8|.........|
9|.........|
-|---------|

Set/unset mines marks or claim a cell as free:> 4 4 free
-|123456789|
-|---------|
1|1221/////|
2|1..1/////|
3|1221/////|
4|/////////|
5|/////////|
6|/////////|
7|/////////|
8|/////////|
9|/////////|
-|---------|

Congratulations! You found all the mines!
?[1;31m
Start test 41?[0m
How many mines do you want on the field?> 3
-|123456789|
-|---------|
1|.........|
2|.........|
3|.........|
4|.........|
5|.........|
6|.........|
7|.........|
8|.........|
9|.........|
-|---------|

Set/unset mines marks or claim a cell as free:> 9 9 free
-|123456789|
-|---------|
1|/11211/1.|
2|/1.2.1/11|
3|/11211///|
4|/////////|
5|/////////|
6|/////////|
7|/////////|
8|/////////|
9|/////////|
-|---------|

Congratulations! You found all the mines!
?[1;31m
Start test 42?[0m
How many mines do you want on the field?> 3
-|123456789|
-|---------|
1|.........|
2|.........|
3|.........|
4|.........|
5|.........|
6|.........|
7|.........|
8|.........|
9|.........|
-|---------|

Set/unset mines marks or claim a cell as free:> 4 9 free
-|123456789|
-|---------|
1|1...1////|
2|12321////|
3|/////////|
4|/////////|
5|/////////|
6|/////////|
7|/////////|
8|/////////|
9|/////////|
-|---------|

Congratulations! You found all the mines!
?[1;31m
Start test 43?[0m
How many mines do you want on the field?> 3
-|123456789|
-|---------|
1|.........|
2|.........|
3|.........|
4|.........|
5|.........|
6|.........|
7|.........|
8|.........|
9|.........|
-|---------|

Set/unset mines marks or claim a cell as free:> 3 8 mine
-|123456789|
-|---------|
1|.........|
2|.........|
3|.........|
4|.........|
5|.........|
6|.........|
7|.........|
8|..*......|
9|.........|
-|---------|

Set/unset mines marks or claim a cell as free:> 6 6 free
-|123456789|
-|---------|
1|.2..1////|
2|12221////|
3|/////////|
4|/////////|
5|/////////|
6|/////////|
7|/////////|
8|/////////|
9|/////////|
-|---------|

Congratulations! You found all the mines!
?[1;31m
Start test 44?[0m
How many mines do you want on the field?> 3
-|123456789|
-|---------|
1|.........|
2|.........|
3|.........|
4|.........|
5|.........|
6|.........|
7|.........|
8|.........|
9|.........|
-|---------|

Set/unset mines marks or claim a cell as free:> 8 9 free
-|123456789|
-|---------|
1|//1111221|
2|//1.11..1|
3|//1111221|
4|/////////|
5|/////////|
6|/////////|
7|/////////|
8|/////////|
9|/////////|
-|---------|

Congratulations! You found all the mines!
?[1;31m
Start test 45?[0m
How many mines do you want on the field?> 3
-|123456789|
-|---------|
1|.........|
2|.........|
3|.........|
4|.........|
5|.........|
6|.........|
7|.........|
8|.........|
9|.........|
-|---------|

Set/unset mines marks or claim a cell as free:> 7 5 free
-|123456789|
-|---------|
1|/1...1///|
2|/12.21///|
3|//111////|
4|/////////|
5|/////////|
6|/////////|
7|/////////|
8|/////////|
9|/////////|
-|---------|

Set/unset mines marks or claim a cell as free:> 3 1 free
-|123456789|
-|---------|
1|/1...1///|
2|/12.21///|
3|//111////|
4|/////////|
5|/////////|
6|/////////|
7|/////////|
8|/////////|
9|/////////|
-|---------|

You stepped on a mine and failed!
?[1;31m
Start test 46?[0m
How many mines do you want on the field?> 3
-|123456789|
-|---------|
1|.........|
2|.........|
3|.........|
4|.........|
5|.........|
6|.........|
7|.........|
8|.........|
9|.........|
-|---------|

Set/unset mines marks or claim a cell as free:> 4 5 mine
-|123456789|
-|---------|
1|.........|
2|.........|
3|.........|
4|.........|
5|...*.....|
6|.........|
7|.........|
8|.........|
9|.........|
-|---------|

Set/unset mines marks or claim a cell as free:> 4 5 mine
-|123456789|
-|---------|
1|.........|
2|.........|
3|.........|
4|.........|
5|.........|
6|.........|
7|.........|
8|.........|
9|.........|
-|---------|

Set/unset mines marks or claim a cell as free:> 5 5 mine
-|123456789|
-|---------|
1|.........|
2|.........|
3|.........|
4|.........|
5|....*....|
6|.........|
7|.........|
8|.........|
9|.........|
-|---------|

Set/unset mines marks or claim a cell as free:> 8 2 free
-|123456789|
-|---------|
1|.2..1////|
2|12221////|
3|/////////|
4|/////////|
5|/////////|
6|/////////|
7|/////////|
8|/////////|
9|/////////|
-|---------|

Congratulations! You found all the mines!
?[1;31m
Start test 47?[0m
How many mines do you want on the field?> 3
-|123456789|
-|---------|
1|.........|
2|.........|
3|.........|
4|.........|
5|.........|
6|.........|
7|.........|
8|.........|
9|.........|
-|---------|

Set/unset mines marks or claim a cell as free:> 3 1 free
-|123456789|
-|---------|
1|.........|
2|.........|
3|.........|
4|.........|
5|.........|
6|.........|
7|.........|
8|.........|
9|.........|
-|---------|

You stepped on a mine and failed!
?[1;31m
Start test 48?[0m
How many mines do you want on the field?> 3
-|123456789|
-|---------|
1|.........|
2|.........|
3|.........|
4|.........|
5|.........|
6|.........|
7|.........|
8|.........|
9|.........|
-|---------|

Set/unset mines marks or claim a cell as free:> 6 8 mine
-|123456789|
-|---------|
1|.........|
2|.........|
3|.........|
4|.........|
5|.........|
6|.........|
7|.........|
8|.....*...|
9|.........|
-|---------|

Set/unset mines marks or claim a cell as free:> 6 6 free
-|123456789|
-|---------|
1|1..2.1///|
2|122211///|
3|/////////|
4|/////////|
5|/////////|
6|/////////|
7|/////////|
8|/////////|
9|/////////|
-|---------|

Congratulations! You found all the mines!
?[1;31m
Start test 49?[0m
How many mines do you want on the field?> 3
-|123456789|
-|---------|
1|.........|
2|.........|
3|.........|
4|.........|
5|.........|
6|.........|
7|.........|
8|.........|
9|.........|
-|---------|

Set/unset mines marks or claim a cell as free:> 4 5 free
-|123456789|
-|---------|
1|222.1////|
2|..211////|
3|221//////|
4|/////////|
5|/////////|
6|/////////|
7|/////////|
8|/////////|
9|/////////|
-|---------|

Congratulations! You found all the mines!
?[1;31m
Start test 50?[0m
How many mines do you want on the field?> 3
-|123456789|
-|---------|
1|.........|
2|.........|
3|.........|
4|.........|
5|.........|
6|.........|
7|.........|
8|.........|
9|.........|
-|---------|

Set/unset mines marks or claim a cell as free:> 1 7 free
-|123456789|
-|---------|
1|/1.2..1//|
2|/112221//|
3|/////////|
4|/////////|
5|/////////|
6|/////////|
7|/////////|
8|/////////|
9|/////////|
-|---------|

Congratulations! You found all the mines!
?[1;31m
Start test 51?[0m
How many mines do you want on the field?> 3
-|123456789|
-|---------|
1|.........|
2|.........|
3|.........|
4|.........|
5|.........|
6|.........|
7|.........|
8|.........|
9|.........|
-|---------|

Set/unset mines marks or claim a cell as free:> 7 4 free
-|123456789|
-|---------|
1|.1/1.2.1/|
2|11/11211/|
3|/////////|
4|/////////|
5|/////////|
6|/////////|
7|/////////|
8|/////////|
9|/////////|
-|---------|

Congratulations! You found all the mines!
?[1;31m
Start test 52?[0m
How many mines do you want on the field?> 3
-|123456789|
-|---------|
1|.........|
2|.........|
3|.........|
4|.........|
5|.........|
6|.........|
7|.........|
8|.........|
9|.........|
-|---------|

Set/unset mines marks or claim a cell as free:> 3 2 mine
-|123456789|
-|---------|
1|.........|
2|..*......|
3|.........|
4|.........|
5|.........|
6|.........|
7|.........|
8|.........|
9|.........|
-|---------|

Set/unset mines marks or claim a cell as free:> 6 3 mine
-|123456789|
-|---------|
1|.........|
2|..*......|
3|.....*...|
4|.........|
5|.........|
6|.........|
7|.........|
8|.........|
9|.........|
-|---------|

Set/unset mines marks or claim a cell as free:> 3 1 free
-|123456789|
-|---------|
1|.........|
2|..*......|
3|.....*...|
4|.........|
5|.........|
6|.........|
7|.........|
8|.........|
9|.........|
-|---------|

You stepped on a mine and failed!
?[1;31m
Start test 53?[0m
How many mines do you want on the field?> 3
-|123456789|
-|---------|
1|.........|
2|.........|
3|.........|
4|.........|
5|.........|
6|.........|
7|.........|
8|.........|
9|.........|
-|---------|

Set/unset mines marks or claim a cell as free:> 8 8 free
-|123456789|
-|---------|
1|///1..2.1|
2|///122211|
3|/////////|
4|/////////|
5|/////////|
6|/////////|
7|/////////|
8|/////////|
9|/////////|
-|---------|

Congratulations! You found all the mines!
?[1;31m
Start test 54?[0m
How many mines do you want on the field?> 3
-|123456789|
-|---------|
1|.........|
2|.........|
3|.........|
4|.........|
5|.........|
6|.........|
7|.........|
8|.........|
9|.........|
-|---------|

Set/unset mines marks or claim a cell as free:> 5 7 free
-|123456789|
-|---------|
1|////1...1|
2|////12321|
3|/////////|
4|/////////|
5|/////////|
6|/////////|
7|/////////|
8|/////////|
9|/////////|
-|---------|

Congratulations! You found all the mines!
?[1;31m
Start test 55?[0m
How many mines do you want on the field?> 3
-|123456789|
-|---------|
1|.........|
2|.........|
3|.........|
4|.........|
5|.........|
6|.........|
7|.........|
8|.........|
9|.........|
-|---------|

Set/unset mines marks or claim a cell as free:> 6 1 free
-|123456789|
-|---------|
1|111.1//1.|
2|.1111//11|
3|11///////|
4|/////////|
5|/////////|
6|/////////|
7|/////////|
8|/////////|
9|/////////|
-|---------|

Congratulations! You found all the mines!
?[1;31m
Start test 56?[0m
How many mines do you want on the field?> 3
-|123456789|
-|---------|
1|.........|
2|.........|
3|.........|
4|.........|
5|.........|
6|.........|
7|.........|
8|.........|
9|.........|
-|---------|

Set/unset mines marks or claim a cell as free:> 4 7 mine
-|123456789|
-|---------|
1|.........|
2|.........|
3|.........|
4|.........|
5|.........|
6|.........|
7|...*.....|
8|.........|
9|.........|
-|---------|

Set/unset mines marks or claim a cell as free:> 8 3 mine
-|123456789|
-|---------|
1|.........|
2|.........|
3|.......*.|
4|.........|
5|.........|
6|.........|
7|...*.....|
8|.........|
9|.........|
-|---------|

Set/unset mines marks or claim a cell as free:> 1 7 free
-|123456789|
-|---------|
1|/1...1///|
2|/12321///|
3|/////////|
4|/////////|
5|/////////|
6|/////////|
7|/////////|
8|/////////|
9|/////////|
-|---------|

Congratulations! You found all the mines!
?[1;31m
Start test 57?[0m
How many mines do you want on the field?> 3
-|123456789|
-|---------|
1|.........|
2|.........|
3|.........|
4|.........|
5|.........|
6|.........|
7|.........|
8|.........|
9|.........|
-|---------|

Set/unset mines marks or claim a cell as free:> 4 1 free
-|123456789|
-|---------|
1|/1.11..1/|
2|/1111221/|
3|/////////|
4|/////////|
5|/////////|
6|/////////|
7|/////////|
8|/////////|
9|/////////|
-|---------|

Congratulations! You found all the mines!
?[1;31m
Start test 58?[0m
How many mines do you want on the field?> 3
-|123456789|
-|---------|
1|.........|
2|.........|
3|.........|
4|.........|
5|.........|
6|.........|
7|.........|
8|.........|
9|.........|
-|---------|

Set/unset mines marks or claim a cell as free:> 8 2 free
-|123456789|
-|---------|
1|112.2.1//|
2|1.21211//|
3|111//////|
4|/////////|
5|/////////|
6|/////////|
7|/////////|
8|/////////|
9|/////////|
-|---------|

Congratulations! You found all the mines!
?[1;31m
Start test 59?[0m
How many mines do you want on the field?> 3
-|123456789|
-|---------|
1|.........|
2|.........|
3|.........|
4|.........|
5|.........|
6|.........|
7|.........|
8|.........|
9|.........|
-|---------|

Set/unset mines marks or claim a cell as free:> 2 2 mine
-|123456789|
-|---------|
1|.........|
2|.*.......|
3|.........|
4|.........|
5|.........|
6|.........|
7|.........|
8|.........|
9|.........|
-|---------|

Set/unset mines marks or claim a cell as free:> 5 4 free
-|123456789|
-|---------|
1|//1...1//|
2|//12321//|
3|/////////|
4|/////////|
5|/////////|
6|/////////|
7|/////////|
8|/////////|
9|/////////|
-|---------|

Congratulations! You found all the mines!
?[1;31m
Start test 60?[0m
How many mines do you want on the field?> 3
-|123456789|
-|---------|
1|.........|
2|.........|
3|.........|
4|.........|
5|.........|
6|.........|
7|.........|
8|.........|
9|.........|
-|---------|

Set/unset mines marks or claim a cell as free:> 5 8 free
-|123456789|
-|---------|
1|1.11.11.1|
2|111111111|
3|/////////|
4|/////////|
5|/////////|
6|/////////|
7|/////////|
8|/////////|
9|/////////|
-|---------|

Congratulations! You found all the mines!
?[1;31m
Start test 61?[0m
How many mines do you want on the field?> 4
-|123456789|
-|---------|
1|.........|
2|.........|
3|.........|
4|.........|
5|.........|
6|.........|
7|.........|
8|.........|
9|.........|
-|---------|

Set/unset mines marks or claim a cell as free:> 8 5 free
-|123456789|
-|---------|
1|/1..11..1|
2|/12211221|
3|/////////|
4|/////////|
5|/////////|
6|/////////|
7|/////////|
8|/////////|
9|/////////|
-|---------|

Congratulations! You found all the mines!
?[1;31m
Start test 62?[0m
How many mines do you want on the field?> 4
-|123456789|
-|---------|
1|.........|
2|.........|
3|.........|
4|.........|
5|.........|
6|.........|
7|.........|
8|.........|
9|.........|
-|---------|

Set/unset mines marks or claim a cell as free:> 1 5 mine
-|123456789|
-|---------|
1|.........|
2|.........|
3|.........|
4|.........|
5|*........|
6|.........|
7|.........|
8|.........|
9|.........|
-|---------|

Set/unset mines marks or claim a cell as free:> 4 8 mine
-|123456789|
-|---------|
1|.........|
2|.........|
3|.........|
4|.........|
5|*........|
6|.........|
7|.........|
8|...*.....|
9|.........|
-|---------|

Set/unset mines marks or claim a cell as free:> 1 5 mine
-|123456789|
-|---------|
1|.........|
2|.........|
3|.........|
4|.........|
5|.........|
6|.........|
7|.........|
8|...*.....|
9|.........|
-|---------|

Set/unset mines marks or claim a cell as free:> 4 8 mine
-|123456789|
-|---------|
1|.........|
2|.........|
3|.........|
4|.........|
5|.........|
6|.........|
7|.........|
8|.........|
9|.........|
-|---------|

Set/unset mines marks or claim a cell as free:> 8 4 mine
-|123456789|
-|---------|
1|.........|
2|.........|
3|.........|
4|.......*.|
5|.........|
6|.........|
7|.........|
8|.........|
9|.........|
-|---------|

Set/unset mines marks or claim a cell as free:> 8 4 mine
-|123456789|
-|---------|
1|.........|
2|.........|
3|.........|
4|.........|
5|.........|
6|.........|
7|.........|
8|.........|
9|.........|
-|---------|

Set/unset mines marks or claim a cell as free:> 4 5 free
-|123456789|
-|---------|
1|///1....1|
2|///123321|
3|/////////|
4|/////////|
5|/////////|
6|/////////|
7|/////////|
8|/////////|
9|/////////|
-|---------|

Congratulations! You found all the mines!
?[1;31m
Start test 63?[0m
How many mines do you want on the field?> 4
-|123456789|
-|---------|
1|.........|
2|.........|
3|.........|
4|.........|
5|.........|
6|.........|
7|.........|
8|.........|
9|.........|
-|---------|

Set/unset mines marks or claim a cell as free:> 6 7 mine
-|123456789|
-|---------|
1|.........|
2|.........|
3|.........|
4|.........|
5|.........|
6|.........|
7|.....*...|
8|.........|
9|.........|
-|---------|

Set/unset mines marks or claim a cell as free:> 6 7 mine
-|123456789|
-|---------|
1|.........|
2|.........|
3|.........|
4|.........|
5|.........|
6|.........|
7|.........|
8|.........|
9|.........|
-|---------|

Set/unset mines marks or claim a cell as free:> 7 2 free
-|123456789|
-|---------|
1|....1////|
2|23321////|
3|/////////|
4|/////////|
5|/////////|
6|/////////|
7|/////////|
8|/////////|
9|/////////|
-|---------|

Congratulations! You found all the mines!
?[1;31m
Start test 64?[0m
How many mines do you want on the field?> 4
-|123456789|
-|---------|
1|.........|
2|.........|
3|.........|
4|.........|
5|.........|
6|.........|
7|.........|
8|.........|
9|.........|
-|---------|

Set/unset mines marks or claim a cell as free:> 5 5 mine
-|123456789|
-|---------|
1|.........|
2|.........|
3|.........|
4|.........|
5|....*....|
6|.........|
7|.........|
8|.........|
9|.........|
-|---------|

Set/unset mines marks or claim a cell as free:> 5 9 free
-|123456789|
-|---------|
1|.2...1///|
2|122321///|
3|/////////|
4|/////////|
5|/////////|
6|/////////|
7|/////////|
8|/////////|
9|/////////|
-|---------|

Congratulations! You found all the mines!
?[1;31m
Start test 65?[0m
How many mines do you want on the field?> 4
-|123456789|
-|---------|
1|.........|
2|.........|
3|.........|
4|.........|
5|.........|
6|.........|
7|.........|
8|.........|
9|.........|
-|---------|

Set/unset mines marks or claim a cell as free:> 3 8 free
-|123456789|
-|---------|
1|/1..11.2.|
2|/12211121|
3|/////////|
4|/////////|
5|/////////|
6|/////////|
7|/////////|
8|/////////|
9|/////////|
-|---------|

Congratulations! You found all the mines!
?[1;31m
Start test 66?[0m
How many mines do you want on the field?> 4
-|123456789|
-|---------|
1|.........|
2|.........|
3|.........|
4|.........|
5|.........|
6|.........|
7|.........|
8|.........|
9|.........|
-|---------|

Set/unset mines marks or claim a cell as free:> 3 9 mine
-|123456789|
-|---------|
1|.........|
2|.........|
3|.........|
4|.........|
5|.........|
6|.........|
7|.........|
8|.........|
9|..*......|
-|---------|

Set/unset mines marks or claim a cell as free:> 3 9 mine
-|123456789|
-|---------|
1|.........|
2|.........|
3|.........|
4|.........|
5|.........|
6|.........|
7|.........|
8|.........|
9|.........|
-|---------|

Set/unset mines marks or claim a cell as free:> 5 7 free
-|123456789|
-|---------|
1|.11...1//|
2|1112321//|
3|/////////|
4|/////////|
5|/////////|
6|/////////|
7|/////////|
8|/////////|
9|/////////|
-|---------|

Congratulations! You found all the mines!
?[1;31m
Start test 67?[0m
How many mines do you want on the field?> 4
-|123456789|
-|---------|
1|.........|
2|.........|
3|.........|
4|.........|
5|.........|
6|.........|
7|.........|
8|.........|
9|.........|
-|---------|

Set/unset mines marks or claim a cell as free:> 8 7 free
-|123456789|
-|---------|
1|.11...1//|
2|1112321//|
3|/////////|
4|/////////|
5|/////////|
6|/////////|
7|/////////|
8|/////////|
9|/////////|
-|---------|

Congratulations! You found all the mines!
?[1;31m
Start test 68?[0m
How many mines do you want on the field?> 4
-|123456789|
-|---------|
1|.........|
2|.........|
3|.........|
4|.........|
5|.........|
6|.........|
7|.........|
8|.........|
9|.........|
-|---------|

Set/unset mines marks or claim a cell as free:> 6 3 free
-|123456789|
-|---------|
1|.113.2///|
2|111..2///|
3|//1221///|
4|/////////|
5|/////////|
6|/////////|
7|/////////|
8|/////////|
9|/////////|
-|---------|

Congratulations! You found all the mines!
?[1;31m
Start test 69?[0m
How many mines do you want on the field?> 4
-|123456789|
-|---------|
1|.........|
2|.........|
3|.........|
4|.........|
5|.........|
6|.........|
7|.........|
8|.........|
9|.........|
-|---------|

Set/unset mines marks or claim a cell as free:> 5 4 mine
-|123456789|
-|---------|
1|.........|
2|.........|
3|.........|
4|....*....|
5|.........|
6|.........|
7|.........|
8|.........|
9|.........|
-|---------|

Set/unset mines marks or claim a cell as free:> 2 7 free
-|123456789|
-|---------|
1|2.31//1.1|
2|2..1//111|
3|1221/////|
4|/////////|
5|/////////|
6|/////////|
7|/////////|
8|/////////|
9|/////////|
-|---------|

Congratulations! You found all the mines!
?[1;31m
Start test 70?[0m
How many mines do you want on the field?> 4
-|123456789|
-|---------|
1|.........|
2|.........|
3|.........|
4|.........|
5|.........|
6|.........|
7|.........|
8|.........|
9|.........|
-|---------|

Set/unset mines marks or claim a cell as free:> 8 1 mine
-|123456789|
-|---------|
1|.......*.|
2|.........|
3|.........|
4|.........|
5|.........|
6|.........|
7|.........|
8|.........|
9|.........|
-|---------|

Set/unset mines marks or claim a cell as free:> 2 7 free
-|123456789|
-|---------|
1|1.11...1/|
2|11112321/|
3|/////////|
4|/////////|
5|/////////|
6|/////////|
7|/////////|
8|/////////|
9|/////////|
-|---------|

Congratulations! You found all the mines!
?[1;31m
Start test 71?[0m
How many mines do you want on the field?> 4
-|123456789|
-|---------|
1|.........|
2|.........|
3|.........|
4|.........|
5|.........|
6|.........|
7|.........|
8|.........|
9|.........|
-|---------|

Set/unset mines marks or claim a cell as free:> 3 6 free
-|123456789|
-|---------|
1|.1///1...|
2|11///1232|
3|/////////|
4|/////////|
5|/////////|
6|/////////|
7|/////////|
8|/////////|
9|/////////|
-|---------|

Congratulations! You found all the mines!
?[1;31m
Start test 72?[0m
How many mines do you want on the field?> 4
-|123456789|
-|---------|
1|.........|
2|.........|
3|.........|
4|.........|
5|.........|
6|.........|
7|.........|
8|.........|
9|.........|
-|---------|

Set/unset mines marks or claim a cell as free:> 5 2 free
-|123456789|
-|---------|
1|/1..11..1|
2|/12211221|
3|/////////|
4|/////////|
5|/////////|
6|/////////|
7|/////////|
8|/////////|
9|/////////|
-|---------|

Congratulations! You found all the mines!
?[1;31m
Start test 73?[0m
How many mines do you want on the field?> 4
-|123456789|
-|---------|
1|.........|
2|.........|
3|.........|
4|.........|
5|.........|
6|.........|
7|.........|
8|.........|
9|.........|
-|---------|

Set/unset mines marks or claim a cell as free:> 9 2 mine
-|123456789|
-|---------|
1|.........|
2|........*|
3|.........|
4|.........|
5|.........|
6|.........|
7|.........|
8|.........|
9|.........|
-|---------|

Set/unset mines marks or claim a cell as free:> 2 7 mine
-|123456789|
-|---------|
1|.........|
2|........*|
3|.........|
4|.........|
5|.........|
6|.........|
7|.*.......|
8|.........|
9|.........|
-|---------|

Set/unset mines marks or claim a cell as free:> 3 4 free
-|123456789|
-|---------|
1|1.11..2.1|
2|111122211|
3|/////////|
4|/////////|
5|/////////|
6|/////////|
7|/////////|
8|/////////|
9|/////////|
-|---------|

Congratulations! You found all the mines!
?[1;31m
Start test 74?[0m
How many mines do you want on the field?> 4
-|123456789|
-|---------|
1|.........|
2|.........|
3|.........|
4|.........|
5|.........|
6|.........|
7|.........|
8|.........|
9|.........|
-|---------|

Set/unset mines marks or claim a cell as free:> 2 8 free
-|123456789|
-|---------|
1|1..2..1//|
2|1222221//|
3|/////////|
4|/////////|
5|/////////|
6|/////////|
7|/////////|
8|/////////|
9|/////////|
-|---------|

Congratulations! You found all the mines!
?[1;31m
Start test 75?[0m
How many mines do you want on the field?> 4
-|123456789|
-|---------|
1|.........|
2|.........|
3|.........|
4|.........|
5|.........|
6|.........|
7|.........|
8|.........|
9|.........|
-|---------|

Set/unset mines marks or claim a cell as free:> 9 4 free
-|123456789|
-|---------|
1|1.1//1...|
2|111//1232|
3|/////////|
4|/////////|
5|/////////|
6|/////////|
7|/////////|
8|/////////|
9|/////////|
-|---------|

Congratulations! You found all the mines!
?[1;31m
Start test 76?[0m
How many mines do you want on the field?> 4
-|123456789|
-|---------|
1|.........|
2|.........|
3|.........|
4|.........|
5|.........|
6|.........|
7|.........|
8|.........|
9|.........|
-|---------|

Set/unset mines marks or claim a cell as free:> 5 1 mine
-|123456789|
-|---------|
1|....*....|
2|.........|
3|.........|
4|.........|
5|.........|
6|.........|
7|.........|
8|.........|
9|.........|
-|---------|

Set/unset mines marks or claim a cell as free:> 5 1 mine
-|123456789|
-|---------|
1|.........|
2|.........|
3|.........|
4|.........|
5|.........|
6|.........|
7|.........|
8|.........|
9|.........|
-|---------|

Set/unset mines marks or claim a cell as free:> 8 1 free
-|123456789|
-|---------|
1|113.2//1.|
2|1.3.2//11|
3|11211////|
4|/////////|
5|/////////|
6|/////////|
7|/////////|
8|/////////|
9|/////////|
-|---------|

Congratulations! You found all the mines!
?[1;31m
Start test 77?[0m
How many mines do you want on the field?> 4
-|123456789|
-|---------|
1|.........|
2|.........|
3|.........|
4|.........|
5|.........|
6|.........|
7|.........|
8|.........|
9|.........|
-|---------|

Set/unset mines marks or claim a cell as free:> 4 5 free
-|123456789|
-|---------|
1|1.2..11.1|
2|112221111|
3|/////////|
4|/////////|
5|/////////|
6|/////////|
7|/////////|
8|/////////|
9|/////////|
-|---------|

Congratulations! You found all the mines!
?[1;31m
Start test 78?[0m
How many mines do you want on the field?> 4
-|123456789|
-|---------|
1|.........|
2|.........|
3|.........|
4|.........|
5|.........|
6|.........|
7|.........|
8|.........|
9|.........|
-|---------|

Set/unset mines marks or claim a cell as free:> 5 9 mine
-|123456789|
-|---------|
1|.........|
2|.........|
3|.........|
4|.........|
5|.........|
6|.........|
7|.........|
8|.........|
9|....*....|
-|---------|

Set/unset mines marks or claim a cell as free:> 6 5 mine
-|123456789|
-|---------|
1|.........|
2|.........|
3|.........|
4|.........|
5|.....*...|
6|.........|
7|.........|
8|.........|
9|....*....|
-|---------|

Set/unset mines marks or claim a cell as free:> 6 3 free
-|123456789|
-|---------|
1|//1....1/|
2|//123321/|
3|/////////|
4|/////////|
5|/////////|
6|/////////|
7|/////////|
8|/////////|
9|/////////|
-|---------|

Congratulations! You found all the mines!
?[1;31m
Start test 79?[0m
How many mines do you want on the field?> 4
-|123456789|
-|---------|
1|.........|
2|.........|
3|.........|
4|.........|
5|.........|
6|.........|
7|.........|
8|.........|
9|.........|
-|---------|

Set/unset mines marks or claim a cell as free:> 8 8 free
-|123456789|
-|---------|
1|.1//1...1|
2|11//12321|
3|/////////|
4|/////////|
5|/////////|
6|/////////|
7|/////////|
8|/////////|
9|/////////|
-|---------|

Congratulations! You found all the mines!
?[1;31m
Start test 80?[0m
How many mines do you want on the field?> 4
-|123456789|
-|---------|
1|.........|
2|.........|
3|.........|
4|.........|
5|.........|
6|.........|
7|.........|
8|.........|
9|.........|
-|---------|

Set/unset mines marks or claim a cell as free:> 2 2 mine
-|123456789|
-|---------|
1|.........|
2|.*.......|
3|.........|
4|.........|
5|.........|
6|.........|
7|.........|
8|.........|
9|.........|
-|---------|

Set/unset mines marks or claim a cell as free:> 2 2 mine
-|123456789|
-|---------|
1|.........|
2|.........|
3|.........|
4|.........|
5|.........|
6|.........|
7|.........|
8|.........|
9|.........|
-|---------|

Set/unset mines marks or claim a cell as free:> 6 9 free
-|123456789|
-|---------|
1|12221//1.|
2|.2..1//11|
3|12221////|
4|/////////|
5|/////////|
6|/////////|
7|/////////|
8|/////////|
9|/////////|
-|---------|

Congratulations! You found all the mines!
?[1;31m
Start test 81?[0m
How many mines do you want on the field?> 5
-|123456789|
-|---------|
1|.........|
2|.........|
3|.........|
4|.........|
5|.........|
6|.........|
7|.........|
8|.........|
9|.........|
-|---------|

Set/unset mines marks or claim a cell as free:> 6 9 free
-|123456789|
-|---------|
1|1.....1//|
2|1233321//|
3|/////////|
4|/////////|
5|/////////|
6|/////////|
7|/////////|
8|/////////|
9|/////////|
-|---------|

Congratulations! You found all the mines!
?[1;31m
Start test 82?[0m
How many mines do you want on the field?> 5
-|123456789|
-|---------|
1|.........|
2|.........|
3|.........|
4|.........|
5|.........|
6|.........|
7|.........|
8|.........|
9|.........|
-|---------|

Set/unset mines marks or claim a cell as free:> 6 3 free
-|123456789|
-|---------|
1|//1.2....|
2|//1122332|
3|/////////|
4|/////////|
5|/////////|
6|/////////|
7|/////////|
8|/////////|
9|/////////|
-|---------|

Congratulations! You found all the mines!
?[1;31m
Start test 83?[0m
How many mines do you want on the field?> 6
-|123456789|
-|---------|
1|.........|
2|.........|
3|.........|
4|.........|
5|.........|
6|.........|
7|.........|
8|.........|
9|.........|
-|---------|

Set/unset mines marks or claim a cell as free:> 3 7 free
-|123456789|
-|---------|
1|221/1....|
2|..1/12332|
3|221//////|
4|/////////|
5|/////////|
6|/////////|
7|/////////|
8|/////////|
9|/////////|
-|---------|

Congratulations! You found all the mines!
?[1;31m
Start test 84?[0m
How many mines do you want on the field?> 6
-|123456789|
-|---------|
1|.........|
2|.........|
3|.........|
4|.........|
5|.........|
6|.........|
7|.........|
8|.........|
9|.........|
-|---------|

Set/unset mines marks or claim a cell as free:> 8 1 free
-|123456789|
-|---------|
1|2322..11.|
2|...222111|
3|2321/////|
4|/////////|
5|/////////|
6|/////////|
7|/////////|
8|/////////|
9|/////////|
-|---------|

Congratulations! You found all the mines!
?[1;31m
Start test 85?[0m
How many mines do you want on the field?> 7
-|123456789|
-|---------|
1|.........|
2|.........|
3|.........|
4|.........|
5|.........|
6|.........|
7|.........|
8|.........|
9|.........|
-|---------|

Set/unset mines marks or claim a cell as free:> 3 2 free
-|123456789|
-|---------|
1|..2..2...|
2|222222232|
3|/////////|
4|/////////|
5|/////////|
6|/////////|
7|/////////|
8|/////////|
9|/////////|
-|---------|

Congratulations! You found all the mines!
?[1;31m
Start test 86?[0m
How many mines do you want on the field?> 7
-|123456789|
-|---------|
1|.........|
2|.........|
3|.........|
4|.........|
5|.........|
6|.........|
7|.........|
8|.........|
9|.........|
-|---------|

Set/unset mines marks or claim a cell as free:> 3 1 mine
-|123456789|
-|---------|
1|..*......|
2|.........|
3|.........|
4|.........|
5|.........|
6|.........|
7|.........|
8|.........|
9|.........|
-|---------|

Set/unset mines marks or claim a cell as free:> 3 4 mine
-|123456789|
-|---------|
1|..*......|
2|.........|
3|.........|
4|..*......|
5|.........|
6|.........|
7|.........|
8|.........|
9|.........|
-|---------|

Set/unset mines marks or claim a cell as free:> 8 1 free
-|123456789|
-|---------|
1|..*...11.|
2|....32111|
3|23321////|
4|/////////|
5|/////////|
6|/////////|
7|/////////|
8|/////////|
9|/////////|
-|---------|

Set/unset mines marks or claim a cell as free:> 9 1 free
-|123456789|
-|---------|
1|..*...11.|
2|....32111|
3|23321////|
4|/////////|
5|/////////|
6|/////////|
7|/////////|
8|/////////|
9|/////////|
-|---------|

You stepped on a mine and failed!
?[1;31m
Start test 87?[0m
How many mines do you want on the field?> 8
-|123456789|
-|---------|
1|.........|
2|.........|
3|.........|
4|.........|
5|.........|
6|.........|
7|.........|
8|.........|
9|.........|
-|---------|

Set/unset mines marks or claim a cell as free:> 1 7 free
-|123456789|
-|---------|
1|13.....2.|
2|1.....221|
3|1233321//|
4|/////////|
5|/////////|
6|/////////|
7|/////////|
8|/////////|
9|/////////|
-|---------|

Set/unset mines marks or claim a cell as free:> 6 1 free
-|123456789|
-|---------|
1|13.433.2.|
2|1.....221|
3|1233321//|
4|/////////|
5|/////////|
6|/////////|
7|/////////|
8|/////////|
9|/////////|
-|---------|

Congratulations! You found all the mines!
?[1;31m
Start test 88?[0m
How many mines do you want on the field?> 8
-|123456789|
-|---------|
1|.........|
2|.........|
3|.........|
4|.........|
5|.........|
6|.........|
7|.........|
8|.........|
9|.........|
-|---------|

Set/unset mines marks or claim a cell as free:> 8 8 free
-|123456789|
-|---------|
1|///1.12.2|
2|2334322.2|
3|.....1111|
4|233321///|
5|/////////|
6|/////////|
7|/////////|
8|/////////|
9|/////////|
-|---------|

Congratulations! You found all the mines!
?[1;31m
Start test 89?[0m
How many mines do you want on the field?> 9
-|123456789|
-|---------|
1|.........|
2|.........|
3|.........|
4|.........|
5|.........|
6|.........|
7|.........|
8|.........|
9|.........|
-|---------|

Set/unset mines marks or claim a cell as free:> 3 9 mine
-|123456789|
-|---------|
1|.........|
2|.........|
3|.........|
4|.........|
5|.........|
6|.........|
7|.........|
8|.........|
9|..*......|
-|---------|

Set/unset mines marks or claim a cell as free:> 3 9 mine
-|123456789|
-|---------|
1|.........|
2|.........|
3|.........|
4|.........|
5|.........|
6|.........|
7|.........|
8|.........|
9|.........|
-|---------|

Set/unset mines marks or claim a cell as free:> 1 9 free
-|123456789|
-|---------|
1|.......1/|
2|....3321/|
3|23321////|
4|/////////|
5|/////////|
6|/////////|
7|/////////|
8|/////////|
9|/////////|
-|---------|

Set/unset mines marks or claim a cell as free:> 2 2 free
-|123456789|
-|---------|
1|.......1/|
2|....3321/|
3|23321////|
4|/////////|
5|/////////|
6|/////////|
7|/////////|
8|/////////|
9|/////////|
-|---------|

You stepped on a mine and failed!
?[1;31m
Start test 90?[0m
How many mines do you want on the field?> 9
-|123456789|
-|---------|
1|.........|
2|.........|
3|.........|
4|.........|
5|.........|
6|.........|
7|.........|
8|.........|
9|.........|
-|---------|

Set/unset mines marks or claim a cell as free:> 7 4 mine
-|123456789|
-|---------|
1|.........|
2|.........|
3|.........|
4|......*..|
5|.........|
6|.........|
7|.........|
8|.........|
9|.........|
-|---------|

Set/unset mines marks or claim a cell as free:> 3 9 mine
-|123456789|
-|---------|
1|.........|
2|.........|
3|.........|
4|......*..|
5|.........|
6|.........|
7|.........|
8|.........|
9|..*......|
-|---------|

Set/unset mines marks or claim a cell as free:> 1 9 free
-|123456789|
-|---------|
1|123...2..|
2|.2...3222|
3|122321///|
4|/////////|
5|/////////|
6|/////////|
7|/////////|
8|/////////|
9|/////////|
-|---------|

Congratulations! You found all the mines!
?[1;31m
Start test 91?[0m
How many mines do you want on the field?> 10
-|123456789|
-|---------|
1|.........|
2|.........|
3|.........|
4|.........|
5|.........|
6|.........|
7|.........|
8|.........|
9|.........|
-|---------|

Set/unset mines marks or claim a cell as free:> 1 2 free
-|123456789|
-|---------|
1|.........|
2|.........|
3|.........|
4|.........|
5|.........|
6|.........|
7|.........|
8|.........|
9|.........|
-|---------|

You stepped on a mine and failed!
?[1;31m
Start test 92?[0m
How many mines do you want on the field?> 10
-|123456789|
-|---------|
1|.........|
2|.........|
3|.........|
4|.........|
5|.........|
6|.........|
7|.........|
8|.........|
9|.........|
-|---------|

Set/unset mines marks or claim a cell as free:> 3 9 mine
-|123456789|
-|---------|
1|.........|
2|.........|
3|.........|
4|.........|
5|.........|
6|.........|
7|.........|
8|.........|
9|..*......|
-|---------|

Set/unset mines marks or claim a cell as free:> 4 7 free
-|123456789|
-|---------|
1|.....3222|
2|......2..|
3|....42222|
4|23321////|
5|/////////|
6|/////////|
7|/////////|
8|/////////|
9|/////////|
-|---------|

Set/unset mines marks or claim a cell as free:> 3 3 free
-|123456789|
-|---------|
1|.....3222|
2|......2..|
3|....42222|
4|23321////|
5|/////////|
6|/////////|
7|/////////|
8|/////////|
9|/////////|
-|---------|

You stepped on a mine and failed!
?[1;31m
Start test 93?[0m
How many mines do you want on the field?> 15
-|123456789|
-|---------|
1|.........|
2|.........|
3|.........|
4|.........|
5|.........|
6|.........|
7|.........|
8|.........|
9|.........|
-|---------|

Set/unset mines marks or claim a cell as free:> 5 6 mine
-|123456789|
-|---------|
1|.........|
2|.........|
3|.........|
4|.........|
5|.........|
6|....*....|
7|.........|
8|.........|
9|.........|
-|---------|

Set/unset mines marks or claim a cell as free:> 1 1 free
-|123456789|
-|---------|
1|.........|
2|.........|
3|.........|
4|.........|
5|.........|
6|....*....|
7|.........|
8|.........|
9|.........|
-|---------|

You stepped on a mine and failed!
?[1;31m
Start test 94?[0m
How many mines do you want on the field?> 15
-|123456789|
-|---------|
1|.........|
2|.........|
3|.........|
4|.........|
5|.........|
6|.........|
7|.........|
8|.........|
9|.........|
-|---------|

Set/unset mines marks or claim a cell as free:> 8 3 free
-|123456789|
-|---------|
1|.........|
2|........3|
3|233333321|
4|/////////|
5|/////////|
6|/////////|
7|/////////|
8|/////////|
9|/////////|
-|---------|

Set/unset mines marks or claim a cell as free:> 6 2 mine
-|123456789|
-|---------|
1|.........|
2|.....*..3|
3|233333321|
4|/////////|
5|/////////|
6|/////////|
7|/////////|
8|/////////|
9|/////////|
-|---------|

Set/unset mines marks or claim a cell as free:> 4 2 free
-|123456789|
-|---------|
1|.........|
2|.....*..3|
3|233333321|
4|/////////|
5|/////////|
6|/////////|
7|/////////|
8|/////////|
9|/////////|
-|---------|

You stepped on a mine and failed!
?[1;31m
Start test 95?[0m
How many mines do you want on the field?> 20
-|123456789|
-|---------|
1|.........|
2|.........|
3|.........|
4|.........|
5|.........|
6|.........|
7|.........|
8|.........|
9|.........|
-|---------|

Set/unset mines marks or claim a cell as free:> 3 5 free
-|123456789|
-|---------|
1|.........|
2|.........|
3|.........|
4|.......42|
5|23333321/|
6|/////////|
7|/////////|
8|/////////|
9|/////////|
-|---------|

Set/unset mines marks or claim a cell as free:> 5 2 free
-|123456789|
-|---------|
1|111/12321|
2|3.434...3|
3|.........|
4|.......42|
5|23333321/|
6|/////////|
7|/////////|
8|/////////|
9|/////////|
-|---------|

Congratulations! You found all the mines!
?[1;31m
Start test 96?[0m
How many mines do you want on the field?> 20
-|123456789|
-|---------|
1|.........|
2|.........|
3|.........|
4|.........|
5|.........|
6|.........|
7|.........|
8|.........|
9|.........|
-|---------|

Set/unset mines marks or claim a cell as free:> 4 6 free
-|123456789|
-|---------|
1|.........|
2|.........|
3|.......42|
4|23333321/|
5|/////////|
6|/////////|
7|/////////|
8|/////////|
9|/////////|
-|---------|

Set/unset mines marks or claim a cell as free:> 8 1 free
-|123456789|
-|---------|
1|.........|
2|.........|
3|.......42|
4|23333321/|
5|/////////|
6|/////////|
7|/////////|
8|/////////|
9|/////////|
-|---------|

You stepped on a mine and failed!
?[1;31m
Start test 97?[0m
How many mines do you want on the field?> 25
-|123456789|
-|---------|
1|.........|
2|.........|
3|.........|
4|.........|
5|.........|
6|.........|
7|.........|
8|.........|
9|.........|
-|---------|

Set/unset mines marks or claim a cell as free:> 6 2 mine
-|123456789|
-|---------|
1|.........|
2|.....*...|
3|.........|
4|.........|
5|.........|
6|.........|
7|.........|
8|.........|
9|.........|
-|---------|

Set/unset mines marks or claim a cell as free:> 7 3 free
-|123456789|
-|---------|
1|.........|
2|.....*...|
3|.........|
4|.........|
5|.........|
6|.........|
7|.........|
8|.........|
9|.........|
-|---------|

You stepped on a mine and failed!
?[1;31m
Start test 98?[0m
How many mines do you want on the field?> 25
-|123456789|
-|---------|
1|.........|
2|.........|
3|.........|
4|.........|
5|.........|
6|.........|
7|.........|
8|.........|
9|.........|
-|---------|

Set/unset mines marks or claim a cell as free:> 6 4 free
-|123456789|
-|---------|
1|.........|
2|.........|
3|.........|
4|.........|
5|.........|
6|.........|
7|.........|
8|.........|
9|.........|
-|---------|

You stepped on a mine and failed!
?[1;31m
Start test 99?[0m
How many mines do you want on the field?> 30
-|123456789|
-|---------|
1|.........|
2|.........|
3|.........|
4|.........|
5|.........|
6|.........|
7|.........|
8|.........|
9|.........|
-|---------|

Set/unset mines marks or claim a cell as free:> 8 2 free
-|123456789|
-|---------|
1|.........|
2|.........|
3|.........|
4|.........|
5|.........|
6|.........|
7|.........|
8|.........|
9|.........|
-|---------|

You stepped on a mine and failed!
?[1;31m
Start test 100?[0m
How many mines do you want on the field?> 30
-|123456789|
-|---------|
1|.........|
2|.........|
3|.........|
4|.........|
5|.........|
6|.........|
7|.........|
8|.........|
9|.........|
-|---------|

Set/unset mines marks or claim a cell as free:> 2 6 free
-|123456789|
-|---------|
1|.........|
2|.........|
3|.........|
4|.........|
5|.........|
6|.........|
7|.........|
8|.........|
9|.........|
-|---------|

You stepped on a mine and failed!
?[1;31m
Start test 101?[0m
How many mines do you want on the field?> 35
-|123456789|
-|---------|
1|.........|
2|.........|
3|.........|
4|.........|
5|.........|
6|.........|
7|.........|
8|.........|
9|.........|
-|---------|

Set/unset mines marks or claim a cell as free:> 1 6 mine
-|123456789|
-|---------|
1|.........|
2|.........|
3|.........|
4|.........|
5|.........|
6|*........|
7|.........|
8|.........|
9|.........|
-|---------|

Set/unset mines marks or claim a cell as free:> 5 2 mine
-|123456789|
-|---------|
1|.........|
2|....*....|
3|.........|
4|.........|
5|.........|
6|*........|
7|.........|
8|.........|
9|.........|
-|---------|

Set/unset mines marks or claim a cell as free:> 5 2 mine
-|123456789|
-|---------|
1|.........|
2|.........|
3|.........|
4|.........|
5|.........|
6|*........|
7|.........|
8|.........|
9|.........|
-|---------|

Set/unset mines marks or claim a cell as free:> 8 8 mine
-|123456789|
-|---------|
1|.........|
2|.........|
3|.........|
4|.........|
5|.........|
6|*........|
7|.........|
8|.......*.|
9|.........|
-|---------|

Set/unset mines marks or claim a cell as free:> 8 8 mine
-|123456789|
-|---------|
1|.........|
2|.........|
3|.........|
4|.........|
5|.........|
6|*........|
7|.........|
8|.........|
9|.........|
-|---------|

Set/unset mines marks or claim a cell as free:> 7 4 free
-|123456789|
-|---------|
1|.........|
2|.........|
3|.........|
4|.........|
5|.........|
6|*........|
7|.........|
8|.........|
9|.........|
-|---------|

You stepped on a mine and failed!
?[1;31m
Start test 102?[0m
How many mines do you want on the field?> 35
-|123456789|
-|---------|
1|.........|
2|.........|
3|.........|
4|.........|
5|.........|
6|.........|
7|.........|
8|.........|
9|.........|
-|---------|

Set/unset mines marks or claim a cell as free:> 6 8 free
-|123456789|
-|---------|
1|.........|
2|.........|
3|.........|
4|.........|
5|.....4332|
6|233321///|
7|/////////|
8|/////////|
9|/////////|
-|---------|

Set/unset mines marks or claim a cell as free:> 2 4 mine
-|123456789|
-|---------|
1|.........|
2|.........|
3|.........|
4|.*.......|
5|.....4332|
6|233321///|
7|/////////|
8|/////////|
9|/////////|
-|---------|

Set/unset mines marks or claim a cell as free:> 2 4 mine
-|123456789|
-|---------|
1|.........|
2|.........|
3|.........|
4|.........|
5|.....4332|
6|233321///|
7|/////////|
8|/////////|
9|/////////|
-|---------|

Set/unset mines marks or claim a cell as free:> 6 4 free
-|123456789|
-|---------|
1|.........|
2|.........|
3|.........|
4|.........|
5|.....4332|
6|233321///|
7|/////////|
8|/////////|
9|/////////|
-|---------|

You stepped on a mine and failed!
?[1;31m
Start test 103?[0m
How many mines do you want on the field?> 40
-|123456789|
-|---------|
1|.........|
2|.........|
3|.........|
4|.........|
5|.........|
6|.........|
7|.........|
8|.........|
9|.........|
-|---------|

Set/unset mines marks or claim a cell as free:> 5 9 free
-|123456789|
-|---------|
1|.........|
2|.........|
3|.........|
4|.........|
5|.........|
6|..4333332|
7|221//////|
8|/////////|
9|/////////|
-|---------|

Set/unset mines marks or claim a cell as free:> 2 4 free
-|123456789|
-|---------|
1|.........|
2|.........|
3|.........|
4|.........|
5|.........|
6|..4333332|
7|221//////|
8|/////////|
9|/////////|
-|---------|

You stepped on a mine and failed!
?[1;31m
Start test 104?[0m
How many mines do you want on the field?> 40
-|123456789|
-|---------|
1|.........|
2|.........|
3|.........|
4|.........|
5|.........|
6|.........|
7|.........|
8|.........|
9|.........|
-|---------|

Set/unset mines marks or claim a cell as free:> 8 3 free
-|123456789|
-|---------|
1|.........|
2|.........|
3|.........|
4|.........|
5|.........|
6|.........|
7|.........|
8|.........|
9|.........|
-|---------|

You stepped on a mine and failed!
?[1;31m
Start test 105?[0m
How many mines do you want on the field?> 45
-|123456789|
-|---------|
1|.........|
2|.........|
3|.........|
4|.........|
5|.........|
6|.........|
7|.........|
8|.........|
9|.........|
-|---------|

Set/unset mines marks or claim a cell as free:> 6 5 free
-|123456789|
-|---------|
1|.........|
2|.........|
3|.........|
4|.........|
5|.........|
6|.........|
7|.........|
8|.........|
9|.........|
-|---------|

You stepped on a mine and failed!
?[1;31m
Start test 106?[0m
How many mines do you want on the field?> 45
-|123456789|
-|---------|
1|.........|
2|.........|
3|.........|
4|.........|
5|.........|
6|.........|
7|.........|
8|.........|
9|.........|
-|---------|

Set/unset mines marks or claim a cell as free:> 8 2 free
-|123456789|
-|---------|
1|.........|
2|.........|
3|.........|
4|.........|
5|.........|
6|.........|
7|.........|
8|.........|
9|.........|
-|---------|

You stepped on a mine and failed!
?[1;31m
Start test 107?[0m
How many mines do you want on the field?> 50
-|123456789|
-|---------|
1|.........|
2|.........|
3|.........|
4|.........|
5|.........|
6|.........|
7|.........|
8|.........|
9|.........|
-|---------|

Set/unset mines marks or claim a cell as free:> 1 1 free
-|123456789|
-|---------|
1|/124.....|
2|24.......|
3|.........|
4|.........|
5|.........|
6|.........|
7|.........|
8|.........|
9|.........|
-|---------|

Set/unset mines marks or claim a cell as free:> 5 1 mine
-|123456789|
-|---------|
1|/124*....|
2|24.......|
3|.........|
4|.........|
5|.........|
6|.........|
7|.........|
8|.........|
9|.........|
-|---------|

Set/unset mines marks or claim a cell as free:> 9 6 free
-|123456789|
-|---------|
1|/124*....|
2|24.......|
3|.........|
4|.........|
5|.........|
6|.........|
7|.........|
8|.........|
9|.........|
-|---------|

You stepped on a mine and failed!
?[1;31m
Start test 108?[0m
How many mines do you want on the field?> 50
-|123456789|
-|---------|
1|.........|
2|.........|
3|.........|
4|.........|
5|.........|
6|.........|
7|.........|
8|.........|
9|.........|
-|---------|

Set/unset mines marks or claim a cell as free:> 9 9 free
-|123456789|
-|---------|
1|.........|
2|.........|
3|.........|
4|.........|
5|.........|
6|.......42|
7|23333321/|
8|/////////|
9|/////////|
-|---------|

Set/unset mines marks or claim a cell as free:> 2 3 free
-|123456789|
-|---------|
1|.........|
2|.........|
3|.........|
4|.........|
5|.........|
6|.......42|
7|23333321/|
8|/////////|
9|/////////|
-|---------|

You stepped on a mine and failed!
?[1;31m
Start test 109?[0m
How many mines do you want on the field?> 55
-|123456789|
-|---------|
1|.........|
2|.........|
3|.........|
4|.........|
5|.........|
6|.........|
7|.........|
8|.........|
9|.........|
-|---------|

Set/unset mines marks or claim a cell as free:> 2 2 mine
-|123456789|
-|---------|
1|.........|
2|.*.......|
3|.........|
4|.........|
5|.........|
6|.........|
7|.........|
8|.........|
9|.........|
-|---------|

Set/unset mines marks or claim a cell as free:> 8 2 free
-|123456789|
-|---------|
1|.........|
2|.*.......|
3|.........|
4|.........|
5|.........|
6|.........|
7|.........|
8|.........|
9|.........|
-|---------|

You stepped on a mine and failed!
?[1;31m
Start test 110?[0m
How many mines do you want on the field?> 55
-|123456789|
-|---------|
1|.........|
2|.........|
3|.........|
4|.........|
5|.........|
6|.........|
7|.........|
8|.........|
9|.........|
-|---------|

Set/unset mines marks or claim a cell as free:> 5 6 mine
-|123456789|
-|---------|
1|.........|
2|.........|
3|.........|
4|.........|
5|.........|
6|....*....|
7|.........|
8|.........|
9|.........|
-|---------|

Set/unset mines marks or claim a cell as free:> 9 2 free
-|123456789|
-|---------|
1|.........|
2|.........|
3|.........|
4|.........|
5|.........|
6|....*....|
7|.........|
8|.........|
9|.........|
-|---------|

You stepped on a mine and failed!
?[1;31m
Start test 111?[0m
How many mines do you want on the field?> 60
-|123456789|
-|---------|
1|.........|
2|.........|
3|.........|
4|.........|
5|.........|
6|.........|
7|.........|
8|.........|
9|.........|
-|---------|

Set/unset mines marks or claim a cell as free:> 1 9 mine
-|123456789|
-|---------|
1|.........|
2|.........|
3|.........|
4|.........|
5|.........|
6|.........|
7|.........|
8|.........|
9|*........|
-|---------|

Set/unset mines marks or claim a cell as free:> 1 9 mine
-|123456789|
-|---------|
1|.........|
2|.........|
3|.........|
4|.........|
5|.........|
6|.........|
7|.........|
8|.........|
9|.........|
-|---------|

Set/unset mines marks or claim a cell as free:> 9 5 free
-|123456789|
-|---------|
1|.........|
2|.........|
3|.........|
4|.........|
5|.........|
6|.........|
7|.........|
8|.........|
9|.........|
-|---------|

You stepped on a mine and failed!
?[1;31m
Start test 112?[0m
How many mines do you want on the field?> 60
-|123456789|
-|---------|
1|.........|
2|.........|
3|.........|
4|.........|
5|.........|
6|.........|
7|.........|
8|.........|
9|.........|
-|---------|

Set/unset mines marks or claim a cell as free:> 1 8 free
-|123456789|
-|---------|
1|.........|
2|.........|
3|.........|
4|.........|
5|.........|
6|.........|
7|.........|
8|233333332|
9|/////////|
-|---------|

Set/unset mines marks or claim a cell as free:> 5 5 mine
-|123456789|
-|---------|
1|.........|
2|.........|
3|.........|
4|.........|
5|....*....|
6|.........|
7|.........|
8|233333332|
9|/////////|
-|---------|

Set/unset mines marks or claim a cell as free:> 3 3 free
-|123456789|
-|---------|
1|.........|
2|.........|
3|.........|
4|.........|
5|....*....|
6|.........|
7|.........|
8|233333332|
9|/////////|
-|---------|

You stepped on a mine and failed!
?[1;31m
Start test 113?[0m
How many mines do you want on the field?> 65
-|123456789|
-|---------|
1|.........|
2|.........|
3|.........|
4|.........|
5|.........|
6|.........|
7|.........|
8|.........|
9|.........|
-|---------|

Set/unset mines marks or claim a cell as free:> 8 4 free
-|123456789|
-|---------|
1|.........|
2|.........|
3|.........|
4|.........|
5|.........|
6|.........|
7|.........|
8|.........|
9|.........|
-|---------|

You stepped on a mine and failed!
?[1;31m
Start test 114?[0m
How many mines do you want on the field?> 65
-|123456789|
-|---------|
1|.........|
2|.........|
3|.........|
4|.........|
5|.........|
6|.........|
7|.........|
8|.........|
9|.........|
-|---------|

Set/unset mines marks or claim a cell as free:> 8 9 mine
-|123456789|
-|---------|
1|.........|
2|.........|
3|.........|
4|.........|
5|.........|
6|.........|
7|.........|
8|.........|
9|.......*.|
-|---------|

Set/unset mines marks or claim a cell as free:> 6 2 free
-|123456789|
-|---------|
1|.........|
2|.........|
3|.........|
4|.........|
5|.........|
6|.........|
7|.........|
8|.........|
9|.......*.|
-|---------|

You stepped on a mine and failed!
]]></system-out>
  <system-err><![CDATA[]]></system-err>
</testsuite>
